apt|xclip
apt|build-essential
apt|dkms
apt|rofi
apt|git
apt|apt-transport-https
apt|vim
apt|grc
apt|tmux
apt|python3-pip
apt|libssl-dev
apt|libffi-dev
apt|python-dev-is-python3
apt|python3-venv
apt|ssh
apt|jq
apt|pipx
pip|updog
pip|pipx
pip|impacket
script|sublime-text.sh
apt|whatweb
apt|nmap
apt|golang
script|ffuf.sh
script|sqlmap.sh
git|https://github.com/insidetrust/statistically-likely-usernames.git|/opt/wordlists
git|https://github.com/daniel2005d/mapXplore|/opt/
git|https://github.com/danielmiessler/SecLists.git --depth 1|/opt/wordlists
git|https://github.com/drwetter/testssl.sh|/opt
script|cme.sh
script|code.sh
git|https://github.com/Flangvik/SharpCollection.git|/opt
git|https://github.com/daniel2005d/mapXplore.git|/opt
script|burp.sh
go|github.com/jpillora/chisel@latest
apt|responder
apt|openjdk-17-jdk
apt|hydra
apt|exiftool
apt|crunch
apt|tor
apt|xxd
apt|smbclient
apt|smbmap
script|configurations_shortcuts.sh
script|havoc.sh
